<?xml version="1.0" encoding="UTF-8"?>
<!-- Generated by org.testng.reporters.JUnitReportReporter -->
<testsuite hostname="LAPTOP-35L354GQ" failures="0" tests="1" name="MagentoTest" time="48.697" errors="0" timestamp="28 Aug 2018 07:54:20 GMT" skipped="0">
  <testcase classname="MagentoTest" name="magentoTest" time="48.697"/>
</testsuite> <!-- MagentoTest -->
